
> book_publishing_web@0.1.1 build
> next build

  ▲ Next.js 14.2.35

   Creating an optimized production build ...
 ✓ Compiled successfully
   Linting and checking validity of types ...
   Collecting page data ...
   Generating static pages (0/12) ...
   Generating static pages (3/12) 
   Generating static pages (6/12) 
   Generating static pages (9/12) 
 ✓ Generating static pages (12/12)
   Finalizing page optimization ...
   Collecting build traces ...
Error: ENOENT: no such file or directory, open 'C:\Users\WorkSpace\OneDrive\Desktop\Inkword\inkword-publishers\.next\server\app\_not-found\page.js.nft.json'
    at async open (node:internal/fs/promises:642:25)
    at async Object.readFile (node:internal/fs/promises:1279:14)
    at async C:\Users\WorkSpace\OneDrive\Desktop\Inkword\inkword-publishers\node_modules\next\dist\build\collect-build-traces.js:429:50
    at async Promise.all (index 0)
    at async C:\Users\WorkSpace\OneDrive\Desktop\Inkword\inkword-publishers\node_modules\next\dist\build\collect-build-traces.js:410:13
    at async Span.traceAsyncFn (C:\Users\WorkSpace\OneDrive\Desktop\Inkword\inkword-publishers\node_modules\next\dist\trace\trace.js:154:20)
    at async collectBuildTraces (C:\Users\WorkSpace\OneDrive\Desktop\Inkword\inkword-publishers\node_modules\next\dist\build\collect-build-traces.js:164:5)
    at async C:\Users\WorkSpace\OneDrive\Desktop\Inkword\inkword-publishers\node_modules\next\dist\build\index.js:2134:13
    at async Span.traceAsyncFn (C:\Users\WorkSpace\OneDrive\Desktop\Inkword\inkword-publishers\node_modules\next\dist\trace\trace.js:154:20)
    at async build (C:\Users\WorkSpace\OneDrive\Desktop\Inkword\inkword-publishers\node_modules\next\dist\build\index.js:368:9) {
  errno: -4058,
  code: 'ENOENT',
  syscall: 'open',
  path: 'C:\\Users\\WorkSpace\\OneDrive\\Desktop\\Inkword\\inkword-publishers\\.next\\server\\app\\_not-found\\page.js.nft.json'
}
